<?xml version="1.0" encoding="UTF-8"?>
<testsuite xmlns:xsi="http://www.w3.org/2001/XMLSchema-instance" xsi:noNamespaceSchemaLocation="https://maven.apache.org/surefire/maven-surefire-plugin/xsd/surefire-test-report.xsd" version="3.0.2" name="com.E4.cosmos_sql.CosmosSqlApplicationTests" time="8.824" tests="1" errors="0" skipped="0" failures="0">
  <properties>
[...]
</properties>
  <testcase name="contextLoads" classname="com.E4.cosmos_sql.CosmosSqlApplicationTests" time="0.807">
    <system-out><![CDATA[21:48:48.823 [main] INFO org.springframework.test.context.support.AnnotationConfigContextLoaderUtils -- Could not detect default configuration classes for test class [com.E4.cosmos_sql.CosmosSqlApplicationTests]: CosmosSqlApplicationTests does not declare any static, non-private, non-final, nested classes annotated with @Configuration.
21:48:48.976 [main] INFO org.springframework.boot.test.context.SpringBootTestContextBootstrapper -- Found @SpringBootConfiguration com.E4.cosmos_sql.CosmosSqlApplication for test class com.E4.cosmos_sql.CosmosSqlApplicationTests

  .   ____          _            __ _ _
 /\\ / ___'_ __ _ _(_)_ __  __ _ \ \ \ \
( ( )\___ | '_ | '_| | '_ \/ _` | \ \ \ \
 \\/  ___)| |_)| | | | | || (_| |  ) ) ) )
  '  |____| .__|_| |_|_| |_\__, | / / / /
 =========|_|==============|___/=/_/_/_/

 :: Spring Boot ::                (v3.4.5)

2025-06-11T21:48:49.462-06:00  WARN 21728 --- [cosmos-sql] [           main] ory$DuplicateJsonObjectContextCustomizer : 

Found multiple occurrences of org.json.JSONObject on the class path:

	jar:file:/C:/Users/Omen/.m2/repository/com/vaadin/external/google/android-json/0.0.20131108.vaadin1/android-json-0.0.20131108.vaadin1.jar!/org/json/JSONObject.class
	jar:file:/C:/Users/Omen/.m2/repository/org/json/json/20180130/json-20180130.jar!/org/json/JSONObject.class

You may wish to exclude one of them to ensure predictable runtime behavior

2025-06-11T21:48:49.483-06:00  INFO 21728 --- [cosmos-sql] [           main] c.E.c.CosmosSqlApplicationTests          : Starting CosmosSqlApplicationTests using Java 23.0.1 with PID 21728 (started by lalo-omen in D:\Tareas UV\BaseDeDatosDistribuidos\ProyectoBaseDatos\cosmos-sql)
2025-06-11T21:48:49.484-06:00  INFO 21728 --- [cosmos-sql] [           main] c.E.c.CosmosSqlApplicationTests          : No active profile set, falling back to 1 default profile: "default"
2025-06-11T21:48:50.411-06:00  INFO 21728 --- [cosmos-sql] [           main] .s.d.r.c.RepositoryConfigurationDelegate : Bootstrapping Spring Data cosmos repositories in DEFAULT mode.
2025-06-11T21:48:50.701-06:00  INFO 21728 --- [cosmos-sql] [           main] .s.d.r.c.RepositoryConfigurationDelegate : Finished Spring Data repository scanning in 280 ms. Found 4 cosmos repository interfaces.
2025-06-11T21:48:50.726-06:00  INFO 21728 --- [cosmos-sql] [           main] .s.d.r.c.RepositoryConfigurationDelegate : Bootstrapping Spring Data cosmos repositories in DEFAULT mode.
2025-06-11T21:48:50.749-06:00  INFO 21728 --- [cosmos-sql] [           main] .s.d.r.c.RepositoryConfigurationDelegate : Finished Spring Data repository scanning in 19 ms. Found 0 cosmos repository interfaces.
2025-06-11T21:48:51.535-06:00  INFO 21728 --- [cosmos-sql] [           main] c.a.c.h.n.implementation.NettyUtility    : {"az.sdk.message":"The following Netty versions were found on the classpath and have a mismatch with the versions used by azure-core-http-netty. If your application runs without issue this message can be ignored, otherwise please align the Netty versions used in your application. For more information, see https://aka.ms/azsdk/java/dependency/troubleshoot.","azure-netty-version":"4.1.118.Final","azure-netty-native-version":"2.0.70.Final","classpath-netty-version-io.netty:netty-common":"4.1.119.Final","classpath-netty-version-io.netty:netty-handler":"4.1.119.Final","classpath-netty-version-io.netty:netty-handler-proxy":"4.1.119.Final","classpath-netty-version-io.netty:netty-buffer":"4.1.119.Final","classpath-netty-version-io.netty:netty-codec":"4.1.119.Final","classpath-netty-version-io.netty:netty-codec-http":"4.1.119.Final","classpath-netty-version-io.netty:netty-codec-http2":"4.1.119.Final","classpath-netty-version-io.netty:netty-transport-native-unix-common":"4.1.119.Final","classpath-netty-version-io.netty:netty-transport-native-epoll":"4.1.119.Final","classpath-netty-version-io.netty:netty-transport-native-kqueue":"4.1.119.Final","classpath-native-netty-version-io.netty:netty-tcnative-boringssl-static":"2.0.70.Final"}
2025-06-11T21:48:51.716-06:00  WARN 21728 --- [cosmos-sql] [           main] com.azure.cosmos.implementation.Utils    : Neither Afterburner nor Blackbird Jackson module loaded.  Consider adding one to your classpath for maximum Jackson performance.
2025-06-11T21:48:51.717-06:00  WARN 21728 --- [cosmos-sql] [           main] com.azure.cosmos.implementation.Utils    : Neither Afterburner nor Blackbird Jackson module loaded.  Consider adding one to your classpath for maximum Jackson performance.
2025-06-11T21:48:51.856-06:00  WARN 21728 --- [cosmos-sql] [           main] c.a.s.c.s.i.c.CosmosClientBuilderFactory : Configuration instance is not supported to configure in CosmosClientBuilder
2025-06-11T21:48:51.928-06:00  WARN 21728 --- [cosmos-sql] [           main] com.azure.cosmos.implementation.Utils    : Neither Afterburner nor Blackbird Jackson module loaded.  Consider adding one to your classpath for maximum Jackson performance.
2025-06-11T21:48:51.965-06:00  INFO 21728 --- [cosmos-sql] [           main] c.a.c.i.RxDocumentClientImpl             : Initializing DocumentClient [1] with serviceEndpoint [https://facturacioncosmosdb.documents.azure.com:443/], connectionPolicy [null], consistencyLevel [null]
2025-06-11T21:48:53.166-06:00  INFO 21728 --- [cosmos-sql] [smos-parallel-1] c.a.c.i.RxDocumentClientImpl             : Getting database account endpoint from https://facturacioncosmosdb.documents.azure.com:443/
2025-06-11T21:48:53.738-06:00  INFO 21728 --- [cosmos-sql] [ctor-http-nio-1] c.a.c.i.GlobalEndpointManager            : db account retrieved {"_self":"","id":"facturacioncosmosdb","_rid":"facturacioncosmosdb-westus3.sql.cosmos.azure.com","media":"//media/","addresses":"//addresses/","_dbs":"//dbs/","writableLocations":[{"name":"West US 3","databaseAccountEndpoint":"https://facturacioncosmosdb-westus3.documents.azure.com:443/"}],"readableLocations":[{"name":"West US 3","databaseAccountEndpoint":"https://facturacioncosmosdb-westus3.documents.azure.com:443/"}],"enableMultipleWriteLocations":false,"continuousBackupEnabled":false,"enableNRegionSynchronousCommit":false,"userReplicationPolicy":{"asyncReplication":false,"minReplicaSetSize":3,"maxReplicasetSize":4},"userConsistencyPolicy":{"defaultConsistencyLevel":"Session"},"systemReplicationPolicy":{"minReplicaSetSize":3,"maxReplicasetSize":4},"readPolicy":{"primaryReadCoefficient":1,"secondaryReadCoefficient":1},"queryEngineConfiguration":"{\"allowNewKeywords\":true,\"maxJoinsPerSqlQuery\":10,\"maxQueryRequestTimeoutFraction\":0.9,\"maxSqlQueryInputLength\":524288,\"maxUdfRefPerSqlQuery\":10,\"queryMaxInMemorySortDocumentCount\":-1000,\"spatialMaxGeometryPointCount\":256,\"sqlAllowNonFiniteNumbers\":false,\"sqlDisableOptimizationFlags\":0,\"sqlQueryILDisableOptimizationFlags\":0,\"clientDisableOptimisticDirectExecution\":false,\"queryEnableFullText\":true,\"queryEnableFullTextPreviewFeatures\":false,\"enableSpatialIndexing\":true,\"maxInExpressionItemsCount\":2147483647,\"maxLogicalAndPerSqlQuery\":2147483647,\"maxLogicalOrPerSqlQuery\":2147483647,\"maxSpatialQueryCells\":2147483647,\"sqlAllowAggregateFunctions\":true,\"sqlAllowGroupByClause\":true,\"sqlAllowLike\":true,\"sqlAllowSubQuery\":true,\"sqlAllowScalarSubQuery\":true,\"sqlAllowTop\":true}"}
2025-06-11T21:48:53.771-06:00  INFO 21728 --- [cosmos-sql] [           main] c.a.c.i.d.RntbdTransportClient           : Using default Direct TCP options: azure.cosmos.directTcp.defaultOptions
2025-06-11T21:48:53.811-06:00  INFO 21728 --- [cosmos-sql] [           main] Endpoint$RntbdEndpointMonitoringProvider : Starting RntbdClientChannelPoolMonitoringProvider ...
2025-06-11T21:48:53.847-06:00  WARN 21728 --- [cosmos-sql] [           main] com.azure.cosmos.CosmosClientBuilder     : Cosmos Client with (Correlation) ID [00001] started up in [1973] ms with the following configuration: serviceEndpoint [https://facturacioncosmosdb.documents.azure.com:443/], preferredRegions [[]], excludedRegions [[]], connectionPolicy [null], consistencyLevel [null], contentResponseOnWriteEnabled [true], sessionCapturingOverride [false], connectionSharingAcrossClients [false], proactiveContainerInit [null], diagnostics [{samplingRate=1.0, thresholds={pointOperationLatencyThreshold=PT1S, nonPointOperationLatencyThreshold=PT3S, requestChargeThreshold=1000.0, payloadSizeInBytesThreshold=2147483647, customFailureHandler=false}, clientCorrelationId=null, clientMetricsEnabled=true, transportLevelTracingEnabled=false, showQueryMode=None, customTracerProvided=false, customDiagnosticHandlers=()}], tracing [true, false, com.azure.cosmos.implementation.DiagnosticsProvider.EnabledNoOpTracer, [com.azure.cosmos.implementation.clienttelemetry.ClientMetricsDiagnosticsHandler]], nativeTransport [false] fastClientOpen [false] isRegionScopedSessionCapturingEnabled [false]
2025-06-11T21:48:55.647-06:00  INFO 21728 --- [cosmos-sql] [           main] o.s.v.b.OptionalValidatorFactoryBean     : Failed to set up a Bean Validation provider: jakarta.validation.NoProviderFoundException: Unable to create a Configuration, because no Jakarta Bean Validation provider could be found. Add a provider like Hibernate Validator (RI) to your classpath.
2025-06-11T21:48:55.779-06:00  INFO 21728 --- [cosmos-sql] [           main] c.a.c.i.RxDocumentClientImpl             : Initializing DocumentClient [2] with serviceEndpoint [https://facturacioncosmosdb.documents.azure.com:443/], connectionPolicy [null], consistencyLevel [null]
2025-06-11T21:48:55.781-06:00  INFO 21728 --- [cosmos-sql] [smos-parallel-7] c.a.c.i.RxDocumentClientImpl             : Getting database account endpoint from https://facturacioncosmosdb.documents.azure.com:443/
2025-06-11T21:48:56.012-06:00  INFO 21728 --- [cosmos-sql] [ctor-http-nio-4] c.a.c.i.GlobalEndpointManager            : db account retrieved {"_self":"","id":"facturacioncosmosdb","_rid":"facturacioncosmosdb-westus3.sql.cosmos.azure.com","media":"//media/","addresses":"//addresses/","_dbs":"//dbs/","writableLocations":[{"name":"West US 3","databaseAccountEndpoint":"https://facturacioncosmosdb-westus3.documents.azure.com:443/"}],"readableLocations":[{"name":"West US 3","databaseAccountEndpoint":"https://facturacioncosmosdb-westus3.documents.azure.com:443/"}],"enableMultipleWriteLocations":false,"continuousBackupEnabled":false,"enableNRegionSynchronousCommit":false,"userReplicationPolicy":{"asyncReplication":false,"minReplicaSetSize":3,"maxReplicasetSize":4},"userConsistencyPolicy":{"defaultConsistencyLevel":"Session"},"systemReplicationPolicy":{"minReplicaSetSize":3,"maxReplicasetSize":4},"readPolicy":{"primaryReadCoefficient":1,"secondaryReadCoefficient":1},"queryEngineConfiguration":"{\"allowNewKeywords\":true,\"maxJoinsPerSqlQuery\":10,\"maxQueryRequestTimeoutFraction\":0.9,\"maxSqlQueryInputLength\":524288,\"maxUdfRefPerSqlQuery\":10,\"queryMaxInMemorySortDocumentCount\":-1000,\"spatialMaxGeometryPointCount\":256,\"sqlAllowNonFiniteNumbers\":false,\"sqlDisableOptimizationFlags\":0,\"sqlQueryILDisableOptimizationFlags\":0,\"clientDisableOptimisticDirectExecution\":false,\"queryEnableFullText\":true,\"queryEnableFullTextPreviewFeatures\":false,\"enableSpatialIndexing\":true,\"maxInExpressionItemsCount\":2147483647,\"maxLogicalAndPerSqlQuery\":2147483647,\"maxLogicalOrPerSqlQuery\":2147483647,\"maxSpatialQueryCells\":2147483647,\"sqlAllowAggregateFunctions\":true,\"sqlAllowGroupByClause\":true,\"sqlAllowLike\":true,\"sqlAllowSubQuery\":true,\"sqlAllowScalarSubQuery\":true,\"sqlAllowTop\":true}"}
2025-06-11T21:48:56.044-06:00  INFO 21728 --- [cosmos-sql] [           main] Endpoint$RntbdEndpointMonitoringProvider : Starting RntbdClientChannelPoolMonitoringProvider ...
2025-06-11T21:48:56.046-06:00  WARN 21728 --- [cosmos-sql] [           main] com.azure.cosmos.CosmosClientBuilder     : Cosmos Client with (Correlation) ID [00002] started up in [266] ms with the following configuration: serviceEndpoint [https://facturacioncosmosdb.documents.azure.com:443/], preferredRegions [[]], excludedRegions [[]], connectionPolicy [null], consistencyLevel [null], contentResponseOnWriteEnabled [true], sessionCapturingOverride [false], connectionSharingAcrossClients [false], proactiveContainerInit [null], diagnostics [{samplingRate=1.0, thresholds={pointOperationLatencyThreshold=PT1S, nonPointOperationLatencyThreshold=PT3S, requestChargeThreshold=1000.0, payloadSizeInBytesThreshold=2147483647, customFailureHandler=false}, clientCorrelationId=null, clientMetricsEnabled=true, transportLevelTracingEnabled=false, showQueryMode=None, customTracerProvided=false, customDiagnosticHandlers=()}], tracing [true, false, com.azure.cosmos.implementation.DiagnosticsProvider.EnabledNoOpTracer, [com.azure.cosmos.implementation.clienttelemetry.ClientMetricsDiagnosticsHandler]], nativeTransport [false] fastClientOpen [false] isRegionScopedSessionCapturingEnabled [false]
2025-06-11T21:48:56.048-06:00  INFO 21728 --- [cosmos-sql] [           main] c.a.c.i.RxDocumentClientImpl             : Initializing DocumentClient [3] with serviceEndpoint [https://facturacioncosmosdb.documents.azure.com:443/], connectionPolicy [null], consistencyLevel [null]
2025-06-11T21:48:56.050-06:00  INFO 21728 --- [cosmos-sql] [smos-parallel-9] c.a.c.i.RxDocumentClientImpl             : Getting database account endpoint from https://facturacioncosmosdb.documents.azure.com:443/
2025-06-11T21:48:56.292-06:00  INFO 21728 --- [cosmos-sql] [ctor-http-nio-6] c.a.c.i.GlobalEndpointManager            : db account retrieved {"_self":"","id":"facturacioncosmosdb","_rid":"facturacioncosmosdb-westus3.sql.cosmos.azure.com","media":"//media/","addresses":"//addresses/","_dbs":"//dbs/","writableLocations":[{"name":"West US 3","databaseAccountEndpoint":"https://facturacioncosmosdb-westus3.documents.azure.com:443/"}],"readableLocations":[{"name":"West US 3","databaseAccountEndpoint":"https://facturacioncosmosdb-westus3.documents.azure.com:443/"}],"enableMultipleWriteLocations":false,"continuousBackupEnabled":false,"enableNRegionSynchronousCommit":false,"userReplicationPolicy":{"asyncReplication":false,"minReplicaSetSize":3,"maxReplicasetSize":4},"userConsistencyPolicy":{"defaultConsistencyLevel":"Session"},"systemReplicationPolicy":{"minReplicaSetSize":3,"maxReplicasetSize":4},"readPolicy":{"primaryReadCoefficient":1,"secondaryReadCoefficient":1},"queryEngineConfiguration":"{\"allowNewKeywords\":true,\"maxJoinsPerSqlQuery\":10,\"maxQueryRequestTimeoutFraction\":0.9,\"maxSqlQueryInputLength\":524288,\"maxUdfRefPerSqlQuery\":10,\"queryMaxInMemorySortDocumentCount\":-1000,\"spatialMaxGeometryPointCount\":256,\"sqlAllowNonFiniteNumbers\":false,\"sqlDisableOptimizationFlags\":0,\"sqlQueryILDisableOptimizationFlags\":0,\"clientDisableOptimisticDirectExecution\":false,\"queryEnableFullText\":true,\"queryEnableFullTextPreviewFeatures\":false,\"enableSpatialIndexing\":true,\"maxInExpressionItemsCount\":2147483647,\"maxLogicalAndPerSqlQuery\":2147483647,\"maxLogicalOrPerSqlQuery\":2147483647,\"maxSpatialQueryCells\":2147483647,\"sqlAllowAggregateFunctions\":true,\"sqlAllowGroupByClause\":true,\"sqlAllowLike\":true,\"sqlAllowSubQuery\":true,\"sqlAllowScalarSubQuery\":true,\"sqlAllowTop\":true}"}
2025-06-11T21:48:56.315-06:00  INFO 21728 --- [cosmos-sql] [           main] Endpoint$RntbdEndpointMonitoringProvider : Starting RntbdClientChannelPoolMonitoringProvider ...
2025-06-11T21:48:56.316-06:00  WARN 21728 --- [cosmos-sql] [           main] com.azure.cosmos.CosmosClientBuilder     : Cosmos Client with (Correlation) ID [00003] started up in [268] ms with the following configuration: serviceEndpoint [https://facturacioncosmosdb.documents.azure.com:443/], preferredRegions [[]], excludedRegions [[]], connectionPolicy [null], consistencyLevel [null], contentResponseOnWriteEnabled [true], sessionCapturingOverride [false], connectionSharingAcrossClients [false], proactiveContainerInit [null], diagnostics [{samplingRate=1.0, thresholds={pointOperationLatencyThreshold=PT1S, nonPointOperationLatencyThreshold=PT3S, requestChargeThreshold=1000.0, payloadSizeInBytesThreshold=2147483647, customFailureHandler=false}, clientCorrelationId=null, clientMetricsEnabled=true, transportLevelTracingEnabled=false, showQueryMode=None, customTracerProvided=false, customDiagnosticHandlers=()}], tracing [true, false, com.azure.cosmos.implementation.DiagnosticsProvider.EnabledNoOpTracer, [com.azure.cosmos.implementation.clienttelemetry.ClientMetricsDiagnosticsHandler]], nativeTransport [false] fastClientOpen [false] isRegionScopedSessionCapturingEnabled [false]
2025-06-11T21:48:56.416-06:00  INFO 21728 --- [cosmos-sql] [           main] c.E.c.CosmosSqlApplicationTests          : Started CosmosSqlApplicationTests in 7.264 seconds (process running for 9.253)
]]></system-out>
    <system-err><![CDATA[Mockito is currently self-attaching to enable the inline-mock-maker. This will no longer work in future releases of the JDK. Please add Mockito as an agent to your build what is described in Mockito's documentation: https://javadoc.io/doc/org.mockito/mockito-core/latest/org/mockito/Mockito.html#0.3
WARNING: A Java agent has been loaded dynamically (C:\Users\Omen\.m2\repository\net\bytebuddy\byte-buddy-agent\1.15.11\byte-buddy-agent-1.15.11.jar)
WARNING: If a serviceability tool is in use, please run with -XX:+EnableDynamicAgentLoading to hide this warning
WARNING: If a serviceability tool is not in use, please run with -Djdk.instrument.traceUsage for more information
WARNING: Dynamic loading of agents will be disallowed by default in a future release
]]></system-err>
  </testcase>
</testsuite>